0 info it worked if it ends with ok
1 verbose cli [ '/usr/local/bin/node', '/usr/local/bin/npm', 'run', 'lint:fix' ]
2 info using npm@3.10.3
3 info using node@v6.6.0
4 verbose run-script [ 'prelint:fix', 'lint:fix', 'postlint:fix' ]
5 info lifecycle js-performance@0.0.1~prelint:fix: js-performance@0.0.1
6 silly lifecycle js-performance@0.0.1~prelint:fix: no script for prelint:fix, continuing
7 info lifecycle js-performance@0.0.1~lint:fix: js-performance@0.0.1
8 verbose lifecycle js-performance@0.0.1~lint:fix: unsafe-perm in lifecycle true
9 verbose lifecycle js-performance@0.0.1~lint:fix: PATH: /usr/local/lib/node_modules/npm/bin/node-gyp-bin:/Users/ematipico/www/js-performance/node_modules/.bin:/usr/local/bin:/usr/local/sbin:/usr/local/opt/php56/sbin:/usr/local/bin:/usr/bin:/bin:/usr/sbin:/sbin
10 verbose lifecycle js-performance@0.0.1~lint:fix: CWD: /Users/ematipico/www/js-performance
11 silly lifecycle js-performance@0.0.1~lint:fix: Args: [ '-c', 'standard --fix' ]
12 silly lifecycle js-performance@0.0.1~lint:fix: Returned: code: 1  signal: null
13 info lifecycle js-performance@0.0.1~lint:fix: Failed to exec lint:fix script
14 verbose stack Error: js-performance@0.0.1 lint:fix: `standard --fix`
14 verbose stack Exit status 1
14 verbose stack     at EventEmitter.<anonymous> (/usr/local/lib/node_modules/npm/lib/utils/lifecycle.js:242:16)
14 verbose stack     at emitTwo (events.js:106:13)
14 verbose stack     at EventEmitter.emit (events.js:191:7)
14 verbose stack     at ChildProcess.<anonymous> (/usr/local/lib/node_modules/npm/lib/utils/spawn.js:40:14)
14 verbose stack     at emitTwo (events.js:106:13)
14 verbose stack     at ChildProcess.emit (events.js:191:7)
14 verbose stack     at maybeClose (internal/child_process.js:877:16)
14 verbose stack     at Process.ChildProcess._handle.onexit (internal/child_process.js:226:5)
15 verbose pkgid js-performance@0.0.1
16 verbose cwd /Users/ematipico/www/js-performance
17 error Darwin 16.6.0
18 error argv "/usr/local/bin/node" "/usr/local/bin/npm" "run" "lint:fix"
19 error node v6.6.0
20 error npm  v3.10.3
21 error code ELIFECYCLE
22 error js-performance@0.0.1 lint:fix: `standard --fix`
22 error Exit status 1
23 error Failed at the js-performance@0.0.1 lint:fix script 'standard --fix'.
23 error Make sure you have the latest version of node.js and npm installed.
23 error If you do, this is most likely a problem with the js-performance package,
23 error not with npm itself.
23 error Tell the author that this fails on your system:
23 error     standard --fix
23 error You can get information on how to open an issue for this project with:
23 error     npm bugs js-performance
23 error Or if that isn't available, you can get their info via:
23 error     npm owner ls js-performance
23 error There is likely additional logging output above.
24 verbose exit [ 1, true ]
